<?xml version="1.0" encoding="UTF-8"?><testsuite errors="0" failures="1" name="Google Translate" skipped="0" tests="2" time="56.99" timestamp="2018-06-05 10:06:51"><testcase name="Translate from Spanish to English"><failure message="&#10;Expected: &quot;lobo&quot;&#10;     but: was &quot;wolf&quot;" type="java.lang.AssertionError">
Expected: "lobo"
     but: was "wolf"</failure><system-err>
Expected: "lobo"
     but: was "wolf"&#13;
co.com.bancolombia.certification.google.stepdefinitions.GoogleTranslateStepDefinitions.TheUserShouldSeeTheWordInTheScreen(GoogleTranslateStepDefinitions.java:59)&#13;
✽.She should see the word lobo in the screen(src/test/resources/features/google_translate.feature:12)&#13;
</system-err></testcase><testcase name="Translate from Japanese to Korean"/></testsuite>